1776663600314:play
1776663602829:1
1776663607330:enrique
1776663609163:mery
1776663610460:ruben
1776663617939:1
1776663630452:10
1776663678450:1
1776663813457:b
1776663816329:2
1776663851953:b
1776663866538:5
1776663888874:b
1776663892250:4
1776663919042:b
1776663921410:2
1776663960826:b
1776663962683:4
1776664081474:b
1776664084339:1
1776664086515:b
1776664087106:2
1776664088484:b
1776664091434:3
1776664105538:5
1776664112522:3
1776664116675:1
1776664130163:y
1776664143009:2
1776664156538:b
1776664162734:6
1776664164778:y
1776664171172:1
1776664187123:b
1776664189012:2
1776664196026:b
1776664201483:2
1776664238890:b
1776664245899:3
1776664250980:5
1776664260355:2
1776664266924:1
1776664273867:2
1776664277610:b
1776664358950:6
1776664360167:y
1776664367685:2
1776664374859:b
1776664389068:1
1776664432580:b
1776664436172:2
1776664446338:b
1776664456546:1
1776664463941:b
1776664467116:3
1776664470270:5
1776664472723:4
1776664474419:1
1776664481892:y
1776664488235:2
1776664493290:b
1776664498475:1
1776664514836:b
1776664522259:q
1776664591043:exit
